74
136.445552631 136.445552631 136.445552631
126.264546824 126.264546824 126.264546824
147.825565106 147.825565106 147.825565106
92.2050176388 92.2050176388 92.2050176388
-111.607242691 -111.607242691 -111.607242691
149.08846533 149.08846533 149.08846533
-144.457541232 -144.457541232 -144.457541232
27.6764007338 27.6764007338 27.6764007338
-144.242155233 -144.242155233 -144.242155233
-143.143312635 -143.143312635 -143.143312635
-31.6205165615 -31.6205165615 -31.6205165615
-135.124600821 -135.124600821 -135.124600821
146.213830426 146.213830426 146.213830426
-6.4072484998 -6.4072484998 -6.4072484998
-120.575772936 -120.575772936 -120.575772936
-122.306157208 -122.306157208 -122.306157208
-147.199908647 -147.199908647 -147.199908647
135.73882764 135.73882764 135.73882764
-145.323063643 -145.323063643 -145.323063643
-115.255736955 -115.255736955 -115.255736955
127.203657948 127.203657948 127.203657948
120.866163117 120.866163117 120.866163117
72.9127382844 72.9127382844 72.9127382844
-41.5808021364 -41.5808021364 -41.5808021364
-137.455560521 -137.455560521 -137.455560521
-98.4513583122 -98.4513583122 -98.4513583122
148.82779723 148.82779723 148.82779723
-113.356059986 -113.356059986 -113.356059986
-124.163611156 -124.163611156 -124.163611156
149.850030149 149.850030149 149.850030149
-96.9959514288 -96.9959514288 -96.9959514288
0.297839985537 0.297839985537 0.297839985537
145.548847175 145.548847175 145.548847175
108.742088142 108.742088142 108.742088142
144.680369233 144.680369233 144.680369233
-147.595542404 -147.595542404 -147.595542404
70.1687722233 70.1687722233 70.1687722233
99.9340604503 99.9340604503 99.9340604503
132.796964297 132.796964297 132.796964297
136.684884279 136.684884279 136.684884279
148.915659598 148.915659598 148.915659598
-142.628445585 -142.628445585 -142.628445585
-14.9366978601 -14.9366978601 -14.9366978601
117.846008862 117.846008862 117.846008862
-143.962798436 -143.962798436 -143.962798436
59.4452944618 59.4452944618 59.4452944618
143.506460321 143.506460321 143.506460321
110.308094076 110.308094076 110.308094076
-87.7746726875 -87.7746726875 -87.7746726875
100.902333558 100.902333558 100.902333558
-149.757860322 -149.757860322 -149.757860322
147.693170201 147.693170201 147.693170201
-148.496818925 -148.496818925 -148.496818925
-129.623423176 -129.623423176 -129.623423176
121.938011946 121.938011946 121.938011946
108.29968704 108.29968704 108.29968704
-124.418976367 -124.418976367 -124.418976367
2.73947761956 2.73947761956 2.73947761956
-148.420076356 -148.420076356 -148.420076356
-149.755356906 -149.755356906 -149.755356906
138.684559977 138.684559977 138.684559977
-79.5055751865 -79.5055751865 -79.5055751865
-148.734862398 -148.734862398 -148.734862398
-75.4539744356 -75.4539744356 -75.4539744356
-21.1220041523 -21.1220041523 -21.1220041523
147.25370034 147.25370034 147.25370034
149.248731632 149.248731632 149.248731632
69.2582198438 69.2582198438 69.2582198438
-108.210630378 -108.210630378 -108.210630378
-147.336784732 -147.336784732 -147.336784732
-146.711659559 -146.711659559 -146.711659559
85.5085798535 85.5085798535 85.5085798535
-113.428484169 -113.428484169 -113.428484169
-143.891534304 -143.891534304 -143.891534304
